# JRE version: OpenJDK Runtime Environment (17.0.10) (build 17.0.10+0--11572160)
# Java VM: OpenJDK 64-Bit Server VM (17.0.10+0--11572160, mixed mode, tiered, compressed oops, compressed class ptrs, g1 gc, windows-amd64)
GC Precious Log:
 CPUs: 12 total, 12 available
 Memory: 16108M
 Large Page Support: Disabled
 NUMA Support: Disabled
 Compressed Oops: Enabled (32-bit)
 Heap Region Size: 1M
 Heap Min Capacity: 8M
 Heap Initial Capacity: 252M
 Heap Max Capacity: 2G
 Pre-touch: Disabled
 Parallel Workers: 10
 Concurrent Workers: 3
 Concurrent Refinement Workers: 10
 Periodic GC: Disabled
Heap:
 garbage-first heap   total 437248K, used 294962K [0x0000000080000000, 0x0000000100000000)
  region size 1024K, 3 young (3072K), 3 survivors (3072K)
 Metaspace       used 202735K, committed 203968K, reserved 1245184K
  class space    used 25846K, committed 26432K, reserved 1048576K
GC Heap History (20 events):
Event: 28.780 GC heap after
{Heap after GC invocations=74 (full 0):
 garbage-first heap   total 359424K, used 232375K [0x0000000080000000, 0x0000000100000000)
  region size 1024K, 6 young (6144K), 6 survivors (6144K)
 Metaspace       used 191549K, committed 192512K, reserved 1245184K
  class space    used 24691K, committed 25152K, reserved 1048576K
}
Event: 29.787 GC heap before
{Heap before GC invocations=74 (full 0):
 garbage-first heap   total 359424K, used 309175K [0x0000000080000000, 0x0000000100000000)
  region size 1024K, 82 young (83968K), 6 survivors (6144K)
 Metaspace       used 191676K, committed 192704K, reserved 1245184K
  class space    used 24695K, committed 25152K, reserved 1048576K
}
Event: 29.791 GC heap after
{Heap after GC invocations=75 (full 0):
 garbage-first heap   total 359424K, used 234186K [0x0000000080000000, 0x0000000100000000)
  region size 1024K, 8 young (8192K), 8 survivors (8192K)
 Metaspace       used 191676K, committed 192704K, reserved 1245184K
  class space    used 24695K, committed 25152K, reserved 1048576K
}
Event: 30.708 GC heap before
{Heap before GC invocations=75 (full 0):
 garbage-first heap   total 359424K, used 309962K [0x0000000080000000, 0x0000000100000000)
  region size 1024K, 82 young (83968K), 8 survivors (8192K)
 Metaspace       used 195317K, committed 196288K, reserved 1245184K
  class space    used 25116K, committed 25600K, reserved 1048576K
}
Event: 30.715 GC heap after
{Heap after GC invocations=76 (full 0):
 garbage-first heap   total 359424K, used 240681K [0x0000000080000000, 0x0000000100000000)
  region size 1024K, 11 young (11264K), 11 survivors (11264K)
 Metaspace       used 195317K, committed 196288K, reserved 1245184K
  class space    used 25116K, committed 25600K, reserved 1048576K
}
Event: 38.928 GC heap before
{Heap before GC invocations=76 (full 0):
 garbage-first heap   total 359424K, used 305193K [0x0000000080000000, 0x0000000100000000)
  region size 1024K, 75 young (76800K), 11 survivors (11264K)
 Metaspace       used 201198K, committed 202240K, reserved 1245184K
  class space    used 25693K, committed 26176K, reserved 1048576K
}
Event: 38.932 GC heap after
{Heap after GC invocations=77 (full 0):
 garbage-first heap   total 359424K, used 242695K [0x0000000080000000, 0x0000000100000000)
  region size 1024K, 3 young (3072K), 3 survivors (3072K)
 Metaspace       used 201198K, committed 202240K, reserved 1245184K
  class space    used 25693K, committed 26176K, reserved 1048576K
}
Event: 633.108 GC heap before
{Heap before GC invocations=77 (full 0):
 garbage-first heap   total 359424K, used 314375K [0x0000000080000000, 0x0000000100000000)
  region size 1024K, 67 young (68608K), 3 survivors (3072K)
 Metaspace       used 202011K, committed 203200K, reserved 1245184K
  class space    used 25776K, committed 26368K, reserved 1048576K
}
Event: 633.131 GC heap after
{Heap after GC invocations=78 (full 0):
 garbage-first heap   total 359424K, used 255769K [0x0000000080000000, 0x0000000100000000)
  region size 1024K, 9 young (9216K), 9 survivors (9216K)
 Metaspace       used 202011K, committed 203200K, reserved 1245184K
  class space    used 25776K, committed 26368K, reserved 1048576K
}
Event: 633.305 GC heap before
{Heap before GC invocations=78 (full 0):
 garbage-first heap   total 359424K, used 305945K [0x0000000080000000, 0x0000000100000000)
  region size 1024K, 59 young (60416K), 9 survivors (9216K)
 Metaspace       used 202013K, committed 203200K, reserved 1245184K
  class space    used 25776K, committed 26368K, reserved 1048576K
}
Event: 633.322 GC heap after
{Heap after GC invocations=79 (full 0):
 garbage-first heap   total 359424K, used 263247K [0x0000000080000000, 0x0000000100000000)
  region size 1024K, 8 young (8192K), 8 survivors (8192K)
 Metaspace       used 202013K, committed 203200K, reserved 1245184K
  class space    used 25776K, committed 26368K, reserved 1048576K
}
Event: 633.478 GC heap before
{Heap before GC invocations=79 (full 0):
 garbage-first heap   total 359424K, used 309327K [0x0000000080000000, 0x0000000100000000)
  region size 1024K, 46 young (47104K), 8 survivors (8192K)
 Metaspace       used 202035K, committed 203264K, reserved 1245184K
  class space    used 25776K, committed 26368K, reserved 1048576K
}
Event: 633.490 GC heap after
{Heap after GC invocations=80 (full 0):
 garbage-first heap   total 359424K, used 282268K [0x0000000080000000, 0x0000000100000000)
  region size 1024K, 6 young (6144K), 6 survivors (6144K)
 Metaspace       used 202035K, committed 203264K, reserved 1245184K
  class space    used 25776K, committed 26368K, reserved 1048576K
}
Event: 633.761 GC heap before
{Heap before GC invocations=80 (full 0):
 garbage-first heap   total 359424K, used 307868K [0x0000000080000000, 0x0000000100000000)
  region size 1024K, 30 young (30720K), 6 survivors (6144K)
 Metaspace       used 202061K, committed 203264K, reserved 1245184K
  class space    used 25776K, committed 26368K, reserved 1048576K
}
Event: 633.768 GC heap after
{Heap after GC invocations=81 (full 0):
 garbage-first heap   total 359424K, used 288497K [0x0000000080000000, 0x0000000100000000)
  region size 1024K, 4 young (4096K), 4 survivors (4096K)
 Metaspace       used 202061K, committed 203264K, reserved 1245184K
  class space    used 25776K, committed 26368K, reserved 1048576K
}
Event: 633.787 GC heap before
{Heap before GC invocations=81 (full 0):
 garbage-first heap   total 359424K, used 308977K [0x0000000080000000, 0x0000000100000000)
  region size 1024K, 24 young (24576K), 4 survivors (4096K)
 Metaspace       used 202069K, committed 203264K, reserved 1245184K
  class space    used 25776K, committed 26368K, reserved 1048576K
}
Event: 633.790 GC heap after
{Heap after GC invocations=82 (full 0):
 garbage-first heap   total 359424K, used 290903K [0x0000000080000000, 0x0000000100000000)
  region size 1024K, 2 young (2048K), 2 survivors (2048K)
 Metaspace       used 202069K, committed 203264K, reserved 1245184K
  class space    used 25776K, committed 26368K, reserved 1048576K
}
Event: 633.836 GC heap before
{Heap before GC invocations=82 (full 0):
 garbage-first heap   total 359424K, used 310359K [0x0000000080000000, 0x0000000100000000)
  region size 1024K, 21 young (21504K), 2 survivors (2048K)
 Metaspace       used 202071K, committed 203264K, reserved 1245184K
  class space    used 25776K, committed 26368K, reserved 1048576K
}
Event: 633.839 GC heap after
{Heap after GC invocations=83 (full 0):
 garbage-first heap   total 359424K, used 291966K [0x0000000080000000, 0x0000000100000000)
  region size 1024K, 2 young (2048K), 2 survivors (2048K)
 Metaspace       used 202071K, committed 203264K, reserved 1245184K
  class space    used 25776K, committed 26368K, reserved 1048576K
}
Event: 635.318 GC heap before
{Heap before GC invocations=83 (full 0):
 garbage-first heap   total 359424K, used 311422K [0x0000000080000000, 0x0000000100000000)
  region size 1024K, 22 young (22528K), 2 survivors (2048K)
 Metaspace       used 202735K, committed 203968K, reserved 1245184K
  class space    used 25846K, committed 26432K, reserved 1048576K
}

